/*C1*/SET SCHEMA PUBLIC
CONNECT USER SA
DISCONNECT
/*C2*/SET SCHEMA PUBLIC
CONNECT USER SA
/*C3*/SET SCHEMA PUBLIC
CONNECT USER SA
/*C4*/SET SCHEMA PUBLIC
CONNECT USER SA
/*C5*/SET SCHEMA PUBLIC
CONNECT USER SA
/*C6*/SET SCHEMA PUBLIC
CONNECT USER SA
/*C7*/SET SCHEMA PUBLIC
CONNECT USER SA
/*C8*/SET SCHEMA PUBLIC
CONNECT USER SA
/*C9*/SET SCHEMA PUBLIC
CONNECT USER SA
/*C10*/SET SCHEMA PUBLIC
CONNECT USER SA
/*C11*/SET SCHEMA PUBLIC
CONNECT USER SA
SET LOGSIZE 2
SET AUTOCOMMIT FALSE
/*C10*/SET AUTOCOMMIT FALSE
DELETE FROM FR_T_PLATFORMMANAGEMODULE WHERE ID=1
DELETE FROM FR_T_PLATFORMMANAGEMODULE WHERE ID=2
DELETE FROM FR_T_PLATFORMMANAGEMODULE WHERE ID=3
DELETE FROM FR_T_PLATFORMMANAGEMODULE WHERE ID=5
DELETE FROM FR_T_PLATFORMMANAGEMODULE WHERE ID=8
DELETE FROM FR_T_PLATFORMMANAGEMODULE WHERE ID=9
DELETE FROM FR_T_PLATFORMMANAGEMODULE WHERE ID=14
DELETE FROM FR_T_PLATFORMMANAGEMODULE WHERE ID=16
DELETE FROM FR_T_PLATFORMMANAGEMODULE WHERE ID=17
DELETE FROM FR_T_PLATFORMMANAGEMODULE WHERE ID=18
DELETE FROM FR_T_PLATFORMMANAGEMODULE WHERE ID=19
DELETE FROM FR_T_PLATFORMMANAGEMODULE WHERE ID=90001
DELETE FROM FR_T_PLATFORMMANAGEMODULE WHERE ID=90002
DELETE FROM FR_T_PLATFORMMANAGEMODULE WHERE ID=90003
DELETE FROM FR_T_PLATFORMMANAGEMODULE WHERE ID=90004
INSERT INTO FR_T_PLATFORMMANAGEMODULE VALUES(1,-1,'FS-Module-Platform_Manager','',0,TRUE)
INSERT INTO FR_T_PLATFORMMANAGEMODULE VALUES(2,1,'FS-Module-Report_Manager','',1,TRUE)
INSERT INTO FR_T_PLATFORMMANAGEMODULE VALUES(3,1,'FS-Module-User_Manager','',2,TRUE)
INSERT INTO FR_T_PLATFORMMANAGEMODULE VALUES(18,1,'FS-Module-Privilege_Manager','',3,TRUE)
INSERT INTO FR_T_PLATFORMMANAGEMODULE VALUES(5,1,'FS-Module-Server_Setting','',4,TRUE)
INSERT INTO FR_T_PLATFORMMANAGEMODULE VALUES(14,1,'FS-Module-Look_And_Feel','',5,TRUE)
INSERT INTO FR_T_PLATFORMMANAGEMODULE VALUES(8,1,'FS-Module-Simple_Register','',6,TRUE)
COMMIT
SET AUTOCOMMIT TRUE
SET AUTOCOMMIT FALSE
SET AUTOCOMMIT TRUE
/*C11*/SET AUTOCOMMIT TRUE
SET AUTOCOMMIT FALSE
SET AUTOCOMMIT TRUE
/*C12*/SET SCHEMA PUBLIC
CONNECT USER SA
DISCONNECT
/*C13*/SET SCHEMA PUBLIC
CONNECT USER SA
SET AUTOCOMMIT FALSE
SET AUTOCOMMIT TRUE
SET AUTOCOMMIT FALSE
DELETE FROM QRTZ_SIMPLE_TRIGGERS WHERE TRIGGER_NAME='trigger_1505446360440_20' AND TRIGGER_GROUP='ReportJobs'
INSERT INTO QRTZ_SIMPLE_TRIGGERS VALUES('trigger_1505446360440_20','ReportJobs',-1,3600000,105)
DELETE FROM QRTZ_TRIGGERS WHERE TRIGGER_NAME='trigger_1505446360440_20' AND TRIGGER_GROUP='ReportJobs'
INSERT INTO QRTZ_TRIGGERS VALUES('trigger_1505446360440_20','ReportJobs','\u5b9a\u65f6\u5237\u65b0\u56fe\u8868\u7684\u6570\u636e\u586b\u62a5','doc/Advanced/Chart/LineChart/\u5b9a\u65f6\u586b\u62a5\u793a\u4f8b.cpt',FALSE,NULL,1537929160440,1537885960440,5,'WAITING','SIMPLE',1505446360440,0,NULL,5,'')
COMMIT
SET AUTOCOMMIT TRUE
SET AUTOCOMMIT FALSE
/*C14*/SET SCHEMA PUBLIC
CONNECT USER SA
SET AUTOCOMMIT FALSE
SET AUTOCOMMIT TRUE
/*C13*/SET AUTOCOMMIT TRUE
/*C11*/SET AUTOCOMMIT FALSE
SET AUTOCOMMIT TRUE
SET AUTOCOMMIT FALSE
/*C10*/SET AUTOCOMMIT FALSE
DELETE FROM FR_T_PLATFORMMANAGEMODULE WHERE ID=1
DELETE FROM FR_T_PLATFORMMANAGEMODULE WHERE ID=2
DELETE FROM FR_T_PLATFORMMANAGEMODULE WHERE ID=3
DELETE FROM FR_T_PLATFORMMANAGEMODULE WHERE ID=5
DELETE FROM FR_T_PLATFORMMANAGEMODULE WHERE ID=8
DELETE FROM FR_T_PLATFORMMANAGEMODULE WHERE ID=14
DELETE FROM FR_T_PLATFORMMANAGEMODULE WHERE ID=18
INSERT INTO FR_T_PLATFORMMANAGEMODULE VALUES(1,-1,'FS-Module-Platform_Manager','',14,TRUE)
INSERT INTO FR_T_PLATFORMMANAGEMODULE VALUES(2,1,'FS-Module-Report_Manager','',15,TRUE)
INSERT INTO FR_T_PLATFORMMANAGEMODULE VALUES(3,1,'FS-Module-User_Manager','',16,TRUE)
INSERT INTO FR_T_PLATFORMMANAGEMODULE VALUES(18,1,'FS-Module-Privilege_Manager','',17,TRUE)
INSERT INTO FR_T_PLATFORMMANAGEMODULE VALUES(5,1,'FS-Module-Server_Setting','',18,TRUE)
INSERT INTO FR_T_PLATFORMMANAGEMODULE VALUES(14,1,'FS-Module-Look_And_Feel','',19,TRUE)
INSERT INTO FR_T_PLATFORMMANAGEMODULE VALUES(8,1,'FS-Module-Simple_Register','',20,TRUE)
INSERT INTO FR_T_PLATFORMMANAGEMODULE VALUES(90003,9,'FS-Monitor-Menu_Intelligent_Detection','',0,FALSE)
INSERT INTO FR_T_PLATFORMMANAGEMODULE VALUES(90004,9,'FS-Monitor-Menu_System_Situation','',0,FALSE)
INSERT INTO FR_T_PLATFORMMANAGEMODULE VALUES(90002,9,'FS-Monitor-Menu_Backup_Restore','',0,FALSE)
INSERT INTO FR_T_PLATFORMMANAGEMODULE VALUES(90001,9,'FS-Monitor-Menu_Memory_Manager','',0,FALSE)
INSERT INTO FR_T_PLATFORMMANAGEMODULE VALUES(17,1,'FS-Mobile-Mobile_Dev_Binding','',21,TRUE)
INSERT INTO FR_T_PLATFORMMANAGEMODULE VALUES(19,1,'FS-Module-Plugin_Operate','',22,TRUE)
INSERT INTO FR_T_PLATFORMMANAGEMODULE VALUES(9,1,'FS-Module-System_Monitor','',23,TRUE)
INSERT INTO FR_T_PLATFORMMANAGEMODULE VALUES(16,1,'FS-Module-Simple_Scheduler','',4,TRUE)
COMMIT
SET AUTOCOMMIT TRUE
SET AUTOCOMMIT FALSE
SET AUTOCOMMIT TRUE
/*C11*/SET AUTOCOMMIT TRUE
/*C10*/SET AUTOCOMMIT FALSE
SET AUTOCOMMIT TRUE
/*C11*/SET AUTOCOMMIT FALSE
SET AUTOCOMMIT TRUE
/*C10*/SET AUTOCOMMIT FALSE
SET AUTOCOMMIT TRUE
/*C11*/SET AUTOCOMMIT FALSE
SET AUTOCOMMIT TRUE
SET AUTOCOMMIT FALSE
SET AUTOCOMMIT TRUE
SET AUTOCOMMIT FALSE
SET AUTOCOMMIT TRUE
/*C10*/SET AUTOCOMMIT FALSE
SET AUTOCOMMIT TRUE
/*C11*/SET AUTOCOMMIT FALSE
SET AUTOCOMMIT TRUE
/*C10*/SET AUTOCOMMIT FALSE
SET AUTOCOMMIT TRUE
/*C11*/SET AUTOCOMMIT FALSE
SET AUTOCOMMIT TRUE
SET AUTOCOMMIT FALSE
SET AUTOCOMMIT TRUE
/*C13*/SET AUTOCOMMIT FALSE
SET AUTOCOMMIT TRUE
SET AUTOCOMMIT FALSE
SET AUTOCOMMIT TRUE
SET AUTOCOMMIT FALSE
SET AUTOCOMMIT TRUE
SET AUTOCOMMIT FALSE
SET AUTOCOMMIT TRUE
SET AUTOCOMMIT FALSE
SET AUTOCOMMIT TRUE
SET AUTOCOMMIT FALSE
SET AUTOCOMMIT TRUE
SET AUTOCOMMIT FALSE
SET AUTOCOMMIT TRUE
SET AUTOCOMMIT FALSE
SET AUTOCOMMIT TRUE
SET AUTOCOMMIT FALSE
SET AUTOCOMMIT TRUE
SET AUTOCOMMIT FALSE
SET AUTOCOMMIT TRUE
SET AUTOCOMMIT FALSE
SET AUTOCOMMIT TRUE
SET AUTOCOMMIT FALSE
SET AUTOCOMMIT TRUE
SET AUTOCOMMIT FALSE
SET AUTOCOMMIT TRUE
SET AUTOCOMMIT FALSE
SET AUTOCOMMIT TRUE
SET AUTOCOMMIT FALSE
SET AUTOCOMMIT TRUE
SET AUTOCOMMIT FALSE
SET AUTOCOMMIT TRUE
SET AUTOCOMMIT FALSE
SET AUTOCOMMIT TRUE
SET AUTOCOMMIT FALSE
SET AUTOCOMMIT TRUE
SET AUTOCOMMIT FALSE
SET AUTOCOMMIT TRUE
SET AUTOCOMMIT FALSE
SET AUTOCOMMIT TRUE
SET AUTOCOMMIT FALSE
SET AUTOCOMMIT TRUE
SET AUTOCOMMIT FALSE
SET AUTOCOMMIT TRUE
SET AUTOCOMMIT FALSE
SET AUTOCOMMIT TRUE
SET AUTOCOMMIT FALSE
SET AUTOCOMMIT TRUE
SET AUTOCOMMIT FALSE
SET AUTOCOMMIT TRUE
SET AUTOCOMMIT FALSE
SET AUTOCOMMIT TRUE
SET AUTOCOMMIT FALSE
SET AUTOCOMMIT TRUE
SET AUTOCOMMIT FALSE
SET AUTOCOMMIT TRUE
SET AUTOCOMMIT FALSE
SET AUTOCOMMIT TRUE
SET AUTOCOMMIT FALSE
SET AUTOCOMMIT TRUE
SET AUTOCOMMIT FALSE
SET AUTOCOMMIT TRUE
SET AUTOCOMMIT FALSE
SET AUTOCOMMIT TRUE
SET AUTOCOMMIT FALSE
SET AUTOCOMMIT TRUE
SET AUTOCOMMIT FALSE
SET AUTOCOMMIT TRUE
SET AUTOCOMMIT FALSE
SET AUTOCOMMIT TRUE
SET AUTOCOMMIT FALSE
SET AUTOCOMMIT TRUE
SET AUTOCOMMIT FALSE
SET AUTOCOMMIT TRUE
SET AUTOCOMMIT FALSE
SET AUTOCOMMIT TRUE
SET AUTOCOMMIT FALSE
SET AUTOCOMMIT TRUE
SET AUTOCOMMIT FALSE
SET AUTOCOMMIT TRUE
SET AUTOCOMMIT FALSE
SET AUTOCOMMIT TRUE
SET AUTOCOMMIT FALSE
SET AUTOCOMMIT TRUE
SET AUTOCOMMIT FALSE
SET AUTOCOMMIT TRUE
SET AUTOCOMMIT FALSE
SET AUTOCOMMIT TRUE
SET AUTOCOMMIT FALSE
SET AUTOCOMMIT TRUE
SET AUTOCOMMIT FALSE
SET AUTOCOMMIT TRUE
SET AUTOCOMMIT FALSE
SET AUTOCOMMIT TRUE
SET AUTOCOMMIT FALSE
SET AUTOCOMMIT TRUE
SET AUTOCOMMIT FALSE
SET AUTOCOMMIT TRUE
SET AUTOCOMMIT FALSE
SET AUTOCOMMIT TRUE
SET AUTOCOMMIT FALSE
SET AUTOCOMMIT TRUE
SET AUTOCOMMIT FALSE
SET AUTOCOMMIT TRUE
SET AUTOCOMMIT FALSE
SET AUTOCOMMIT TRUE
SET AUTOCOMMIT FALSE
SET AUTOCOMMIT TRUE
SET AUTOCOMMIT FALSE
SET AUTOCOMMIT TRUE
SET AUTOCOMMIT FALSE
SET AUTOCOMMIT TRUE
SET AUTOCOMMIT FALSE
SET AUTOCOMMIT TRUE
SET AUTOCOMMIT FALSE
SET AUTOCOMMIT TRUE
SET AUTOCOMMIT FALSE
SET AUTOCOMMIT TRUE
SET AUTOCOMMIT FALSE
SET AUTOCOMMIT TRUE
SET AUTOCOMMIT FALSE
SET AUTOCOMMIT TRUE
SET AUTOCOMMIT FALSE
SET AUTOCOMMIT TRUE
SET AUTOCOMMIT FALSE
SET AUTOCOMMIT TRUE
SET AUTOCOMMIT FALSE
SET AUTOCOMMIT TRUE
SET AUTOCOMMIT FALSE
SET AUTOCOMMIT TRUE
SET AUTOCOMMIT FALSE
SET AUTOCOMMIT TRUE
SET AUTOCOMMIT FALSE
SET AUTOCOMMIT TRUE
SET AUTOCOMMIT FALSE
SET AUTOCOMMIT TRUE
SET AUTOCOMMIT FALSE
SET AUTOCOMMIT TRUE
SET AUTOCOMMIT FALSE
SET AUTOCOMMIT TRUE
SET AUTOCOMMIT FALSE
SET AUTOCOMMIT TRUE
SET AUTOCOMMIT FALSE
SET AUTOCOMMIT TRUE
SET AUTOCOMMIT FALSE
SET AUTOCOMMIT TRUE
SET AUTOCOMMIT FALSE
SET AUTOCOMMIT TRUE
SET AUTOCOMMIT FALSE
SET AUTOCOMMIT TRUE
SET AUTOCOMMIT FALSE
SET AUTOCOMMIT TRUE
SET AUTOCOMMIT FALSE
SET AUTOCOMMIT TRUE
SET AUTOCOMMIT FALSE
SET AUTOCOMMIT TRUE
SET AUTOCOMMIT FALSE
SET AUTOCOMMIT TRUE
SET AUTOCOMMIT FALSE
SET AUTOCOMMIT TRUE
SET AUTOCOMMIT FALSE
SET AUTOCOMMIT TRUE
DISCONNECT
/*C14*/SET AUTOCOMMIT FALSE
SET AUTOCOMMIT TRUE
SET AUTOCOMMIT FALSE
SET AUTOCOMMIT TRUE
SET AUTOCOMMIT FALSE
SET AUTOCOMMIT TRUE
SET AUTOCOMMIT FALSE
SET AUTOCOMMIT TRUE
SET AUTOCOMMIT FALSE
SET AUTOCOMMIT TRUE
SET AUTOCOMMIT FALSE
SET AUTOCOMMIT TRUE
SET AUTOCOMMIT FALSE
SET AUTOCOMMIT TRUE
SET AUTOCOMMIT FALSE
SET AUTOCOMMIT TRUE
SET AUTOCOMMIT FALSE
SET AUTOCOMMIT TRUE
SET AUTOCOMMIT FALSE
SET AUTOCOMMIT TRUE
SET AUTOCOMMIT FALSE
SET AUTOCOMMIT TRUE
SET AUTOCOMMIT FALSE
SET AUTOCOMMIT TRUE
SET AUTOCOMMIT FALSE
SET AUTOCOMMIT TRUE
SET AUTOCOMMIT FALSE
SET AUTOCOMMIT TRUE
SET AUTOCOMMIT FALSE
SET AUTOCOMMIT TRUE
SET AUTOCOMMIT FALSE
SET AUTOCOMMIT TRUE
SET AUTOCOMMIT FALSE
SET AUTOCOMMIT TRUE
SET AUTOCOMMIT FALSE
SET AUTOCOMMIT TRUE
SET AUTOCOMMIT FALSE
SET AUTOCOMMIT TRUE
SET AUTOCOMMIT FALSE
SET AUTOCOMMIT TRUE
SET AUTOCOMMIT FALSE
SET AUTOCOMMIT TRUE
SET AUTOCOMMIT FALSE
SET AUTOCOMMIT TRUE
SET AUTOCOMMIT FALSE
SET AUTOCOMMIT TRUE
SET AUTOCOMMIT FALSE
SET AUTOCOMMIT TRUE
SET AUTOCOMMIT FALSE
SET AUTOCOMMIT TRUE
SET AUTOCOMMIT FALSE
SET AUTOCOMMIT TRUE
SET AUTOCOMMIT FALSE
SET AUTOCOMMIT TRUE
SET AUTOCOMMIT FALSE
SET AUTOCOMMIT TRUE
SET AUTOCOMMIT FALSE
SET AUTOCOMMIT TRUE
SET AUTOCOMMIT FALSE
SET AUTOCOMMIT TRUE
SET AUTOCOMMIT FALSE
SET AUTOCOMMIT TRUE
SET AUTOCOMMIT FALSE
SET AUTOCOMMIT TRUE
SET AUTOCOMMIT FALSE
SET AUTOCOMMIT TRUE
SET AUTOCOMMIT FALSE
SET AUTOCOMMIT TRUE
SET AUTOCOMMIT FALSE
SET AUTOCOMMIT TRUE
SET AUTOCOMMIT FALSE
SET AUTOCOMMIT TRUE
SET AUTOCOMMIT FALSE
SET AUTOCOMMIT TRUE
SET AUTOCOMMIT FALSE
SET AUTOCOMMIT TRUE
SET AUTOCOMMIT FALSE
SET AUTOCOMMIT TRUE
SET AUTOCOMMIT FALSE
SET AUTOCOMMIT TRUE
SET AUTOCOMMIT FALSE
SET AUTOCOMMIT TRUE
SET AUTOCOMMIT FALSE
SET AUTOCOMMIT TRUE
SET AUTOCOMMIT FALSE
SET AUTOCOMMIT TRUE
SET AUTOCOMMIT FALSE
SET AUTOCOMMIT TRUE
SET AUTOCOMMIT FALSE
SET AUTOCOMMIT TRUE
SET AUTOCOMMIT FALSE
SET AUTOCOMMIT TRUE
